<?xml version="1.0" encoding="UTF-8"?>
<testng-results ignored="0" total="1" passed="1" failed="0" skipped="0">
  <reporter-output>
  </reporter-output>
  <suite started-at="2023-09-16T13:37:20 IST" name="Default suite" finished-at="2023-09-16T13:37:30 IST" duration-ms="9975">
    <groups>
    </groups>
    <test started-at="2023-09-16T13:37:20 IST" name="Default test" finished-at="2023-09-16T13:37:30 IST" duration-ms="9975">
      <class name="com.coforge.appiumtest.AppiumTest.CalculatorApp_AndroidVirtualDevice">
        <test-method signature="verifyAddTest()[pri:0, instance:com.coforge.appiumtest.AppiumTest.CalculatorApp_AndroidVirtualDevice@29215f06]" started-at="2023-09-16T13:37:20 IST" name="verifyAddTest" finished-at="2023-09-16T13:37:30 IST" duration-ms="9938" status="PASS">
          <reporter-output>
          </reporter-output>
        </test-method> <!-- verifyAddTest -->
      </class> <!-- com.coforge.appiumtest.AppiumTest.CalculatorApp_AndroidVirtualDevice -->
    </test> <!-- Default test -->
  </suite> <!-- Default suite -->
</testng-results>
