<?xml version="1.0" encoding="UTF-8"?>
<testng-results ignored="0" total="6" passed="6" failed="0" skipped="0">
  <reporter-output>
  </reporter-output>
  <suite started-at="2023-08-05T13:11:29 IST" name="Default suite" finished-at="2023-08-05T13:11:33 IST" duration-ms="4156">
    <groups>
    </groups>
    <test started-at="2023-08-05T13:11:29 IST" name="Default test" finished-at="2023-08-05T13:11:33 IST" duration-ms="4156">
      <class name="com.firstprogram.Firstprogram">
        <test-method signature="test1()[pri:0, instance:com.firstprogram.Firstprogram@5a56cdac]" started-at="2023-08-05T13:11:29 IST" name="test1" finished-at="2023-08-05T13:11:31 IST" duration-ms="1749" status="PASS">
          <reporter-output>
          </reporter-output>
        </test-method> <!-- test1 -->
        <test-method signature="test2()[pri:0, instance:com.firstprogram.Firstprogram@5a56cdac]" started-at="2023-08-05T13:11:31 IST" name="test2" finished-at="2023-08-05T13:11:31 IST" duration-ms="640" status="PASS">
          <reporter-output>
          </reporter-output>
        </test-method> <!-- test2 -->
        <test-method signature="test3()[pri:0, instance:com.firstprogram.Firstprogram@5a56cdac]" started-at="2023-08-05T13:11:31 IST" name="test3" finished-at="2023-08-05T13:11:32 IST" duration-ms="523" status="PASS">
          <reporter-output>
          </reporter-output>
        </test-method> <!-- test3 -->
        <test-method signature="test4()[pri:0, instance:com.firstprogram.Firstprogram@5a56cdac]" started-at="2023-08-05T13:11:32 IST" name="test4" finished-at="2023-08-05T13:11:32 IST" duration-ms="536" status="PASS">
          <reporter-output>
          </reporter-output>
        </test-method> <!-- test4 -->
        <test-method signature="test5()[pri:0, instance:com.firstprogram.Firstprogram@5a56cdac]" started-at="2023-08-05T13:11:32 IST" name="test5" finished-at="2023-08-05T13:11:33 IST" duration-ms="555" status="PASS">
          <reporter-output>
          </reporter-output>
        </test-method> <!-- test5 -->
        <test-method signature="test6()[pri:0, instance:com.firstprogram.Firstprogram@5a56cdac]" started-at="2023-08-05T13:11:33 IST" name="test6" finished-at="2023-08-05T13:11:33 IST" duration-ms="116" status="PASS">
          <reporter-output>
          </reporter-output>
        </test-method> <!-- test6 -->
      </class> <!-- com.firstprogram.Firstprogram -->
    </test> <!-- Default test -->
  </suite> <!-- Default suite -->
</testng-results>
